{"C:\\Users\\ibber\\Documents\\Q3-Api\\packages\\q3-api-plugin-roles\\lib\\constants.js": {"path":"C:\\Users\\ibber\\Documents\\Q3-Api\\packages\\q3-api-plugin-roles\\lib\\constants.js","statementMap":{"0":{"start":{"line":1,"column":0},"end":{"line":5,"column":2}}},"fnMap":{},"branchMap":{},"s":{"0":1},"f":{},"b":{},"_coverageSchema":"43e27e138ebf9cfc5966b082cf9a028302ed4184","hash":"459368a3553be612e47ee136a6ace98dbd3915de"}
,"C:\\Users\\ibber\\Documents\\Q3-Api\\packages\\q3-api-plugin-roles\\lib\\middleware.js": {"path":"C:\\Users\\ibber\\Documents\\Q3-Api\\packages\\q3-api-plugin-roles\\lib\\middleware.js","statementMap":{"0":{"start":{"line":1,"column":11},"end":{"line":1,"column":36}},"1":{"start":{"line":2,"column":16},"end":{"line":2,"column":33}},"2":{"start":{"line":3,"column":12},"end":{"line":3,"column":38}},"3":{"start":{"line":4,"column":13},"end":{"line":4,"column":36}},"4":{"start":{"line":5,"column":23},"end":{"line":5,"column":45}},"5":{"start":{"line":7,"column":24},"end":{"line":21,"column":1}},"6":{"start":{"line":8,"column":2},"end":{"line":20,"column":3}},"7":{"start":{"line":11,"column":6},"end":{"line":11,"column":22}},"8":{"start":{"line":13,"column":6},"end":{"line":13,"column":20}},"9":{"start":{"line":15,"column":6},"end":{"line":15,"column":22}},"10":{"start":{"line":17,"column":6},"end":{"line":17,"column":22}},"11":{"start":{"line":19,"column":6},"end":{"line":19,"column":44}},"12":{"start":{"line":23,"column":15},"end":{"line":38,"column":1}},"13":{"start":{"line":23,"column":25},"end":{"line":38,"column":1}},"14":{"start":{"line":24,"column":27},"end":{"line":24,"column":30}},"15":{"start":{"line":25,"column":15},"end":{"line":25,"column":32}},"16":{"start":{"line":26,"column":2},"end":{"line":26,"column":38}},"17":{"start":{"line":26,"column":24},"end":{"line":26,"column":38}},"18":{"start":{"line":28,"column":14},"end":{"line":32,"column":3}},"19":{"start":{"line":34,"column":2},"end":{"line":34,"column":38}},"20":{"start":{"line":35,"column":2},"end":{"line":35,"column":35}},"21":{"start":{"line":36,"column":2},"end":{"line":36,"column":36}},"22":{"start":{"line":37,"column":2},"end":{"line":37,"column":16}},"23":{"start":{"line":40,"column":22},"end":{"line":43,"column":1}},"24":{"start":{"line":41,"column":2},"end":{"line":41,"column":48}},"25":{"start":{"line":42,"column":2},"end":{"line":42,"column":9}},"26":{"start":{"line":45,"column":23},"end":{"line":51,"column":4}},"27":{"start":{"line":46,"column":2},"end":{"line":51,"column":4}},"28":{"start":{"line":47,"column":4},"end":{"line":49,"column":7}},"29":{"start":{"line":50,"column":4},"end":{"line":50,"column":16}},"30":{"start":{"line":53,"column":15},"end":{"line":57,"column":1}},"31":{"start":{"line":54,"column":2},"end":{"line":54,"column":51}},"32":{"start":{"line":54,"column":30},"end":{"line":54,"column":51}},"33":{"start":{"line":55,"column":2},"end":{"line":55,"column":60}},"34":{"start":{"line":55,"column":31},"end":{"line":55,"column":60}},"35":{"start":{"line":56,"column":2},"end":{"line":56,"column":36}},"36":{"start":{"line":56,"column":29},"end":{"line":56,"column":35}},"37":{"start":{"line":59,"column":0},"end":{"line":62,"column":2}}},"fnMap":{"0":{"name":"(anonymous_0)","decl":{"start":{"line":7,"column":24},"end":{"line":7,"column":25}},"loc":{"start":{"line":7,"column":36},"end":{"line":21,"column":1}},"line":7},"1":{"name":"(anonymous_1)","decl":{"start":{"line":23,"column":15},"end":{"line":23,"column":16}},"loc":{"start":{"line":23,"column":25},"end":{"line":38,"column":1}},"line":23},"2":{"name":"(anonymous_2)","decl":{"start":{"line":23,"column":25},"end":{"line":23,"column":26}},"loc":{"start":{"line":23,"column":51},"end":{"line":38,"column":1}},"line":23},"3":{"name":"(anonymous_3)","decl":{"start":{"line":40,"column":22},"end":{"line":40,"column":23}},"loc":{"start":{"line":40,"column":42},"end":{"line":43,"column":1}},"line":40},"4":{"name":"(anonymous_4)","decl":{"start":{"line":45,"column":23},"end":{"line":45,"column":24}},"loc":{"start":{"line":46,"column":2},"end":{"line":51,"column":4}},"line":46},"5":{"name":"(anonymous_5)","decl":{"start":{"line":46,"column":12},"end":{"line":46,"column":13}},"loc":{"start":{"line":46,"column":27},"end":{"line":51,"column":3}},"line":46},"6":{"name":"(anonymous_6)","decl":{"start":{"line":53,"column":15},"end":{"line":53,"column":16}},"loc":{"start":{"line":53,"column":36},"end":{"line":57,"column":1}},"line":53},"7":{"name":"(anonymous_7)","decl":{"start":{"line":56,"column":9},"end":{"line":56,"column":10}},"loc":{"start":{"line":56,"column":29},"end":{"line":56,"column":35}},"line":56}},"branchMap":{"0":{"loc":{"start":{"line":8,"column":2},"end":{"line":20,"column":3}},"type":"switch","locations":[{"start":{"line":9,"column":4},"end":{"line":9,"column":17}},{"start":{"line":10,"column":4},"end":{"line":11,"column":22}},{"start":{"line":12,"column":4},"end":{"line":13,"column":20}},{"start":{"line":14,"column":4},"end":{"line":15,"column":22}},{"start":{"line":16,"column":4},"end":{"line":17,"column":22}},{"start":{"line":18,"column":4},"end":{"line":19,"column":44}}],"line":8},"1":{"loc":{"start":{"line":26,"column":2},"end":{"line":26,"column":38}},"type":"if","locations":[{"start":{"line":26,"column":2},"end":{"line":26,"column":38}},{"start":{"line":26,"column":2},"end":{"line":26,"column":38}}],"line":26},"2":{"loc":{"start":{"line":54,"column":2},"end":{"line":54,"column":51}},"type":"if","locations":[{"start":{"line":54,"column":2},"end":{"line":54,"column":51}},{"start":{"line":54,"column":2},"end":{"line":54,"column":51}}],"line":54},"3":{"loc":{"start":{"line":55,"column":2},"end":{"line":55,"column":60}},"type":"if","locations":[{"start":{"line":55,"column":2},"end":{"line":55,"column":60}},{"start":{"line":55,"column":2},"end":{"line":55,"column":60}}],"line":55}},"s":{"0":1,"1":1,"2":1,"3":1,"4":1,"5":1,"6":1,"7":1,"8":0,"9":0,"10":0,"11":0,"12":1,"13":1,"14":2,"15":2,"16":2,"17":1,"18":1,"19":1,"20":1,"21":1,"22":1,"23":1,"24":1,"25":1,"26":1,"27":0,"28":0,"29":0,"30":1,"31":1,"32":1,"33":0,"34":0,"35":0,"36":0,"37":1},"f":{"0":1,"1":1,"2":2,"3":1,"4":0,"5":0,"6":1,"7":0},"b":{"0":[1,1,0,0,0,0],"1":[1,1],"2":[1,0],"3":[0,0]},"_coverageSchema":"43e27e138ebf9cfc5966b082cf9a028302ed4184","hash":"a788f7b9103af366bb1753cd4454e71d70a824ac"}
,"C:\\Users\\ibber\\Documents\\Q3-Api\\packages\\q3-api-plugin-roles\\lib\\plugin.js": {"path":"C:\\Users\\ibber\\Documents\\Q3-Api\\packages\\q3-api-plugin-roles\\lib\\plugin.js","statementMap":{"0":{"start":{"line":1,"column":11},"end":{"line":1,"column":36}},"1":{"start":{"line":2,"column":19},"end":{"line":2,"column":36}},"2":{"start":{"line":3,"column":16},"end":{"line":3,"column":33}},"3":{"start":{"line":4,"column":19},"end":{"line":4,"column":38}},"4":{"start":{"line":5,"column":12},"end":{"line":5,"column":38}},"5":{"start":{"line":7,"column":0},"end":{"line":83,"column":2}},"6":{"start":{"line":8,"column":23},"end":{"line":8,"column":25}},"7":{"start":{"line":10,"column":16},"end":{"line":11,"column":47}},"8":{"start":{"line":11,"column":4},"end":{"line":11,"column":47}},"9":{"start":{"line":13,"column":21},"end":{"line":18,"column":5}},"10":{"start":{"line":14,"column":4},"end":{"line":18,"column":5}},"11":{"start":{"line":21,"column":15},"end":{"line":21,"column":22}},"12":{"start":{"line":22,"column":4},"end":{"line":25,"column":8}},"13":{"start":{"line":23,"column":6},"end":{"line":25,"column":8}},"14":{"start":{"line":27,"column":4},"end":{"line":27,"column":40}},"15":{"start":{"line":27,"column":20},"end":{"line":27,"column":40}},"16":{"start":{"line":28,"column":4},"end":{"line":28,"column":16}},"17":{"start":{"line":32,"column":4},"end":{"line":32,"column":25}},"18":{"start":{"line":33,"column":4},"end":{"line":38,"column":7}},"19":{"start":{"line":42,"column":4},"end":{"line":56,"column":8}},"20":{"start":{"line":49,"column":14},"end":{"line":49,"column":37}},"21":{"start":{"line":54,"column":6},"end":{"line":56,"column":8}},"22":{"start":{"line":59,"column":2},"end":{"line":71,"column":3}},"23":{"start":{"line":60,"column":4},"end":{"line":60,"column":42}},"24":{"start":{"line":61,"column":4},"end":{"line":61,"column":41}},"25":{"start":{"line":63,"column":4},"end":{"line":66,"column":6}},"26":{"start":{"line":68,"column":4},"end":{"line":70,"column":7}},"27":{"start":{"line":73,"column":2},"end":{"line":79,"column":6}},"28":{"start":{"line":74,"column":4},"end":{"line":79,"column":6}},"29":{"start":{"line":81,"column":2},"end":{"line":81,"column":27}},"30":{"start":{"line":82,"column":2},"end":{"line":82,"column":16}}},"fnMap":{"0":{"name":"(anonymous_0)","decl":{"start":{"line":7,"column":17},"end":{"line":7,"column":18}},"loc":{"start":{"line":7,"column":29},"end":{"line":83,"column":1}},"line":7},"1":{"name":"(anonymous_1)","decl":{"start":{"line":10,"column":16},"end":{"line":10,"column":17}},"loc":{"start":{"line":11,"column":4},"end":{"line":11,"column":47}},"line":11},"2":{"name":"(anonymous_2)","decl":{"start":{"line":13,"column":21},"end":{"line":13,"column":22}},"loc":{"start":{"line":14,"column":4},"end":{"line":18,"column":5}},"line":14},"3":{"name":"appendSessionData","decl":{"start":{"line":20,"column":11},"end":{"line":20,"column":28}},"loc":{"start":{"line":20,"column":31},"end":{"line":29,"column":3}},"line":20},"4":{"name":"compareOwnership","decl":{"start":{"line":31,"column":11},"end":{"line":31,"column":27}},"loc":{"start":{"line":31,"column":30},"end":{"line":39,"column":3}},"line":31},"5":{"name":"hasSufficientOwnership","decl":{"start":{"line":41,"column":11},"end":{"line":41,"column":33}},"loc":{"start":{"line":41,"column":36},"end":{"line":57,"column":3}},"line":41},"6":{"name":"(anonymous_6)","decl":{"start":{"line":48,"column":30},"end":{"line":48,"column":31}},"loc":{"start":{"line":49,"column":14},"end":{"line":49,"column":37}},"line":49}},"branchMap":{"0":{"loc":{"start":{"line":22,"column":4},"end":{"line":25,"column":8}},"type":"if","locations":[{"start":{"line":22,"column":4},"end":{"line":25,"column":8}},{"start":{"line":22,"column":4},"end":{"line":25,"column":8}}],"line":22},"1":{"loc":{"start":{"line":27,"column":4},"end":{"line":27,"column":40}},"type":"if","locations":[{"start":{"line":27,"column":4},"end":{"line":27,"column":40}},{"start":{"line":27,"column":4},"end":{"line":27,"column":40}}],"line":27},"2":{"loc":{"start":{"line":42,"column":4},"end":{"line":56,"column":8}},"type":"if","locations":[{"start":{"line":42,"column":4},"end":{"line":56,"column":8}},{"start":{"line":42,"column":4},"end":{"line":56,"column":8}}],"line":42},"3":{"loc":{"start":{"line":44,"column":8},"end":{"line":51,"column":18}},"type":"binary-expr","locations":[{"start":{"line":44,"column":9},"end":{"line":46,"column":17}},{"start":{"line":47,"column":9},"end":{"line":51,"column":17}}],"line":44},"4":{"loc":{"start":{"line":44,"column":9},"end":{"line":46,"column":17}},"type":"cond-expr","locations":[{"start":{"line":45,"column":12},"end":{"line":45,"column":42}},{"start":{"line":46,"column":12},"end":{"line":46,"column":17}}],"line":44},"5":{"loc":{"start":{"line":44,"column":9},"end":{"line":44,"column":53}},"type":"binary-expr","locations":[{"start":{"line":44,"column":9},"end":{"line":44,"column":23}},{"start":{"line":44,"column":27},"end":{"line":44,"column":53}}],"line":44},"6":{"loc":{"start":{"line":47,"column":9},"end":{"line":51,"column":17}},"type":"cond-expr","locations":[{"start":{"line":48,"column":12},"end":{"line":50,"column":13}},{"start":{"line":51,"column":12},"end":{"line":51,"column":17}}],"line":47},"7":{"loc":{"start":{"line":47,"column":9},"end":{"line":47,"column":52}},"type":"binary-expr","locations":[{"start":{"line":47,"column":9},"end":{"line":47,"column":21}},{"start":{"line":47,"column":25},"end":{"line":47,"column":52}}],"line":47},"8":{"loc":{"start":{"line":59,"column":2},"end":{"line":71,"column":3}},"type":"if","locations":[{"start":{"line":59,"column":2},"end":{"line":71,"column":3}},{"start":{"line":59,"column":2},"end":{"line":71,"column":3}}],"line":59},"9":{"loc":{"start":{"line":73,"column":2},"end":{"line":79,"column":6}},"type":"if","locations":[{"start":{"line":73,"column":2},"end":{"line":79,"column":6}},{"start":{"line":73,"column":2},"end":{"line":79,"column":6}}],"line":73}},"s":{"0":1,"1":1,"2":1,"3":1,"4":1,"5":1,"6":1,"7":1,"8":2,"9":1,"10":0,"11":1,"12":1,"13":0,"14":1,"15":1,"16":1,"17":0,"18":0,"19":2,"20":0,"21":0,"22":1,"23":1,"24":1,"25":1,"26":1,"27":1,"28":0,"29":1,"30":1},"f":{"0":1,"1":2,"2":0,"3":1,"4":0,"5":2,"6":0},"b":{"0":[0,1],"1":[1,0],"2":[0,1],"3":[2,0],"4":[1,0],"5":[2,1],"6":[0,0],"7":[0,0],"8":[1,0],"9":[0,1]},"_coverageSchema":"43e27e138ebf9cfc5966b082cf9a028302ed4184","hash":"bdffb7faefb1c0ab2fab6746d0626067229661e5"}
}
