{"C:\\Users\\ibber\\Documents\\Q3-Api\\packages\\q3-api-plugin-roles\\lib\\constants.js": {"path":"C:\\Users\\ibber\\Documents\\Q3-Api\\packages\\q3-api-plugin-roles\\lib\\constants.js","statementMap":{"0":{"start":{"line":1,"column":0},"end":{"line":5,"column":2}}},"fnMap":{},"branchMap":{},"s":{"0":1},"f":{},"b":{},"_coverageSchema":"43e27e138ebf9cfc5966b082cf9a028302ed4184","hash":"459368a3553be612e47ee136a6ace98dbd3915de"}
,"C:\\Users\\ibber\\Documents\\Q3-Api\\packages\\q3-api-plugin-roles\\lib\\model\\decorator.js": {"path":"C:\\Users\\ibber\\Documents\\Q3-Api\\packages\\q3-api-plugin-roles\\lib\\model\\decorator.js","statementMap":{"0":{"start":{"line":1,"column":11},"end":{"line":1,"column":36}},"1":{"start":{"line":2,"column":19},"end":{"line":2,"column":36}},"2":{"start":{"line":3,"column":24},"end":{"line":3,"column":41}},"3":{"start":{"line":4,"column":31},"end":{"line":4,"column":46}},"4":{"start":{"line":5,"column":19},"end":{"line":5,"column":40}},"5":{"start":{"line":6,"column":20},"end":{"line":6,"column":43}},"6":{"start":{"line":8,"column":34},"end":{"line":15,"column":1}},"7":{"start":{"line":9,"column":2},"end":{"line":12,"column":6}},"8":{"start":{"line":10,"column":4},"end":{"line":12,"column":6}},"9":{"start":{"line":14,"column":2},"end":{"line":14,"column":14}},"10":{"start":{"line":17,"column":40},"end":{"line":29,"column":1}},"11":{"start":{"line":18,"column":2},"end":{"line":21,"column":6}},"12":{"start":{"line":19,"column":4},"end":{"line":21,"column":6}},"13":{"start":{"line":23,"column":2},"end":{"line":26,"column":6}},"14":{"start":{"line":24,"column":4},"end":{"line":26,"column":6}},"15":{"start":{"line":28,"column":2},"end":{"line":28,"column":11}},"16":{"start":{"line":31,"column":16},"end":{"line":33,"column":1}},"17":{"start":{"line":35,"column":0},"end":{"line":64,"column":2}},"18":{"start":{"line":37,"column":4},"end":{"line":49,"column":6}},"19":{"start":{"line":40,"column":8},"end":{"line":48,"column":13}},"20":{"start":{"line":53,"column":17},"end":{"line":53,"column":29}},"21":{"start":{"line":54,"column":18},"end":{"line":60,"column":10}},"22":{"start":{"line":58,"column":6},"end":{"line":58,"column":27}},"23":{"start":{"line":59,"column":6},"end":{"line":59,"column":17}},"24":{"start":{"line":62,"column":4},"end":{"line":62,"column":28}}},"fnMap":{"0":{"name":"(anonymous_0)","decl":{"start":{"line":8,"column":34},"end":{"line":8,"column":35}},"loc":{"start":{"line":8,"column":48},"end":{"line":15,"column":1}},"line":8},"1":{"name":"(anonymous_1)","decl":{"start":{"line":17,"column":40},"end":{"line":17,"column":41}},"loc":{"start":{"line":17,"column":47},"end":{"line":29,"column":1}},"line":17},"2":{"name":"(anonymous_2)","decl":{"start":{"line":36,"column":2},"end":{"line":36,"column":3}},"loc":{"start":{"line":36,"column":17},"end":{"line":50,"column":3}},"line":36},"3":{"name":"(anonymous_3)","decl":{"start":{"line":39,"column":6},"end":{"line":39,"column":7}},"loc":{"start":{"line":40,"column":8},"end":{"line":48,"column":13}},"line":40},"4":{"name":"(anonymous_4)","decl":{"start":{"line":52,"column":2},"end":{"line":52,"column":3}},"loc":{"start":{"line":52,"column":21},"end":{"line":63,"column":3}},"line":52},"5":{"name":"(anonymous_5)","decl":{"start":{"line":57,"column":13},"end":{"line":57,"column":14}},"loc":{"start":{"line":57,"column":27},"end":{"line":60,"column":5}},"line":57}},"branchMap":{"0":{"loc":{"start":{"line":9,"column":2},"end":{"line":12,"column":6}},"type":"if","locations":[{"start":{"line":9,"column":2},"end":{"line":12,"column":6}},{"start":{"line":9,"column":2},"end":{"line":12,"column":6}}],"line":9},"1":{"loc":{"start":{"line":18,"column":2},"end":{"line":21,"column":6}},"type":"if","locations":[{"start":{"line":18,"column":2},"end":{"line":21,"column":6}},{"start":{"line":18,"column":2},"end":{"line":21,"column":6}}],"line":18},"2":{"loc":{"start":{"line":23,"column":2},"end":{"line":26,"column":6}},"type":"if","locations":[{"start":{"line":23,"column":2},"end":{"line":26,"column":6}},{"start":{"line":23,"column":2},"end":{"line":26,"column":6}}],"line":23},"3":{"loc":{"start":{"line":39,"column":19},"end":{"line":39,"column":44}},"type":"default-arg","locations":[{"start":{"line":39,"column":26},"end":{"line":39,"column":44}}],"line":39},"4":{"loc":{"start":{"line":40,"column":8},"end":{"line":48,"column":13}},"type":"cond-expr","locations":[{"start":{},"end":{}},{"start":{"line":42,"column":12},"end":{"line":48,"column":13}}],"line":40},"5":{"loc":{"start":{"line":52,"column":11},"end":{"line":52,"column":19}},"type":"default-arg","locations":[{"start":{"line":52,"column":17},"end":{"line":52,"column":19}}],"line":52}},"s":{"0":1,"1":1,"2":1,"3":1,"4":1,"5":1,"6":1,"7":4,"8":1,"9":3,"10":1,"11":2,"12":0,"13":2,"14":1,"15":1,"16":1,"17":1,"18":4,"19":3,"20":4,"21":4,"22":13,"23":13,"24":4},"f":{"0":4,"1":2,"2":4,"3":3,"4":4,"5":13},"b":{"0":[1,3],"1":[0,2],"2":[1,1],"3":[2],"4":[1,2],"5":[0]},"_coverageSchema":"43e27e138ebf9cfc5966b082cf9a028302ed4184","hash":"0e22eac0893708d771b60c2a90c14c6c90182c72"}
}
