TN:
SF:C:\Users\ibber\Documents\Q3-Api\packages\q3-api-plugin-notes\lib\constants.js
FNF:0
FNH:0
DA:1,1
LF:1
LH:1
BRF:0
BRH:0
end_of_record
TN:
SF:C:\Users\ibber\Documents\Q3-Api\packages\q3-api-plugin-notes\lib\index.js
FN:5,(anonymous_0)
FNF:1
FNH:1
FNDA:1,(anonymous_0)
DA:1,1
DA:2,1
DA:3,1
DA:5,1
DA:6,1
DA:7,1
DA:8,1
LF:7
LH:7
BRDA:5,0,0,0
BRF:1
BRH:0
end_of_record
TN:
SF:C:\Users\ibber\Documents\Q3-Api\packages\q3-api-plugin-notes\lib\model.js
FN:6,(anonymous_0)
FN:16,(anonymous_1)
FN:31,(anonymous_2)
FN:39,(anonymous_3)
FN:45,(anonymous_4)
FNF:5
FNH:5
FNDA:2,(anonymous_0)
FNDA:3,(anonymous_1)
FNDA:1,(anonymous_2)
FNDA:1,(anonymous_3)
FNDA:3,(anonymous_4)
DA:1,2
DA:2,2
DA:3,2
DA:7,2
DA:8,2
DA:9,0
DA:13,2
DA:17,3
DA:18,3
DA:19,0
DA:23,3
DA:24,0
DA:28,3
DA:32,1
DA:33,1
DA:34,1
DA:40,1
DA:41,1
DA:45,2
DA:46,3
DA:75,3
DA:76,3
LF:22
LH:19
BRDA:8,0,0,0
BRDA:8,0,1,2
BRDA:18,1,0,0
BRDA:18,1,1,3
BRDA:23,2,0,0
BRDA:23,2,1,3
BRDA:45,3,0,1
BRF:7
BRH:4
end_of_record
TN:
SF:C:\Users\ibber\Documents\Q3-Api\packages\q3-api-plugin-notes\lib\routes\addToThread.js
FN:5,(anonymous_0)
FN:29,(anonymous_1)
FNF:2
FNH:2
FNDA:1,(anonymous_0)
FNDA:1,(anonymous_1)
DA:1,1
DA:2,1
DA:3,1
DA:5,1
DA:15,1
DA:19,1
DA:24,1
DA:28,1
DA:29,1
DA:36,1
DA:42,1
DA:43,1
LF:12
LH:12
BRF:0
BRH:0
end_of_record
TN:
SF:C:\Users\ibber\Documents\Q3-Api\packages\q3-api-plugin-notes\lib\routes\create.js
FN:7,(anonymous_0)
FN:39,(anonymous_1)
FNF:2
FNH:1
FNDA:1,(anonymous_0)
FNDA:0,(anonymous_1)
DA:1,1
DA:2,1
DA:3,1
DA:4,1
DA:5,1
DA:7,1
DA:11,1
DA:12,1
DA:13,0
DA:17,1
DA:27,1
DA:35,1
DA:40,0
DA:44,1
LF:14
LH:12
BRDA:12,0,0,0
BRDA:12,0,1,1
BRF:2
BRH:1
end_of_record
TN:
SF:C:\Users\ibber\Documents\Q3-Api\packages\q3-api-plugin-notes\lib\routes\delete.js
FN:5,(anonymous_0)
FNF:1
FNH:1
FNDA:1,(anonymous_0)
DA:1,1
DA:2,1
DA:3,1
DA:5,1
DA:9,1
DA:10,1
DA:15,1
DA:16,1
LF:8
LH:8
BRF:0
BRH:0
end_of_record
TN:
SF:C:\Users\ibber\Documents\Q3-Api\packages\q3-api-plugin-notes\lib\routes\get.js
FN:5,(anonymous_0)
FNF:1
FNH:1
FNDA:1,(anonymous_0)
DA:1,1
DA:2,1
DA:3,1
DA:5,1
DA:9,1
DA:13,1
DA:20,1
DA:21,1
LF:8
LH:8
BRF:0
BRH:0
end_of_record
TN:
SF:C:\Users\ibber\Documents\Q3-Api\packages\q3-api-plugin-notes\lib\routes\helpers.js
FN:6,(anonymous_0)
FN:11,(anonymous_1)
FN:16,(anonymous_2)
FNF:3
FNH:0
FNDA:0,(anonymous_0)
FNDA:0,(anonymous_1)
FNDA:0,(anonymous_2)
DA:1,1
DA:3,1
DA:7,0
DA:12,0
DA:17,0
LF:5
LH:2
BRF:0
BRH:0
end_of_record
TN:
SF:C:\Users\ibber\Documents\Q3-Api\packages\q3-api-plugin-notes\lib\routes\index.js
FN:8,(anonymous_0)
FNF:1
FNH:1
FNDA:7,(anonymous_0)
DA:1,1
DA:2,1
DA:4,1
DA:8,1
DA:9,7
DA:10,0
DA:16,7
DA:19,1
DA:24,1
DA:29,1
DA:48,1
LF:11
LH:10
BRDA:9,0,0,0
BRDA:9,0,1,7
BRF:2
BRH:1
end_of_record
TN:
SF:C:\Users\ibber\Documents\Q3-Api\packages\q3-api-plugin-notes\lib\routes\list.js
FN:4,(anonymous_0)
FN:17,(anonymous_1)
FNF:2
FNH:2
FNDA:1,(anonymous_0)
FNDA:1,(anonymous_1)
DA:1,1
DA:2,1
DA:4,1
DA:5,1
DA:16,1
DA:18,1
DA:25,1
DA:27,1
LF:8
LH:8
BRF:0
BRH:0
end_of_record
TN:
SF:C:\Users\ibber\Documents\Q3-Api\packages\q3-api-plugin-notes\lib\routes\removeFromThread.js
FN:5,(anonymous_0)
FNF:1
FNH:1
FNDA:1,(anonymous_0)
DA:1,1
DA:2,1
DA:3,1
DA:5,1
DA:9,1
DA:10,1
DA:11,1
DA:13,1
DA:18,1
DA:20,1
LF:10
LH:10
BRF:0
BRH:0
end_of_record
TN:
SF:C:\Users\ibber\Documents\Q3-Api\packages\q3-api-plugin-notes\lib\routes\update.js
FN:9,(anonymous_0)
FNF:1
FNH:1
FNDA:1,(anonymous_0)
DA:1,1
DA:2,1
DA:7,1
DA:9,1
DA:18,1
DA:19,1
DA:20,1
DA:21,1
DA:23,1
DA:31,1
DA:37,1
LF:11
LH:11
BRF:0
BRH:0
end_of_record
