TN:
SF:C:\Users\ibber\Documents\Q3-Api\packages\q3-api-plugin-files\lib\aws.js
FN:3,(anonymous_0)
FN:20,(anonymous_1)
FN:23,(anonymous_2)
FN:24,(anonymous_3)
FN:25,(anonymous_4)
FN:31,(anonymous_5)
FN:32,(anonymous_6)
FN:33,(anonymous_7)
FN:35,(anonymous_8)
FN:39,(anonymous_9)
FN:40,(anonymous_10)
FN:41,(anonymous_11)
FN:48,(anonymous_12)
FN:55,(anonymous_13)
FN:62,(anonymous_14)
FN:65,(anonymous_15)
FN:68,(anonymous_16)
FN:77,(anonymous_17)
FN:86,(anonymous_18)
FN:93,(anonymous_19)
FNF:20
FNH:20
FNDA:8,(anonymous_0)
FNDA:2,(anonymous_1)
FNDA:3,(anonymous_2)
FNDA:3,(anonymous_3)
FNDA:3,(anonymous_4)
FNDA:2,(anonymous_5)
FNDA:2,(anonymous_6)
FNDA:2,(anonymous_7)
FNDA:2,(anonymous_8)
FNDA:2,(anonymous_9)
FNDA:2,(anonymous_10)
FNDA:2,(anonymous_11)
FNDA:1,(anonymous_12)
FNDA:1,(anonymous_13)
FNDA:1,(anonymous_14)
FNDA:1,(anonymous_15)
FNDA:2,(anonymous_16)
FNDA:1,(anonymous_17)
FNDA:1,(anonymous_18)
FNDA:1,(anonymous_19)
DA:1,1
DA:3,1
DA:9,8
DA:11,8
DA:16,8
DA:20,8
DA:21,2
DA:23,8
DA:24,3
DA:25,3
DA:26,3
DA:27,3
DA:31,8
DA:32,2
DA:33,2
DA:34,2
DA:35,2
DA:39,8
DA:40,2
DA:41,2
DA:42,2
DA:43,2
DA:47,8
DA:49,1
DA:56,1
DA:63,1
DA:65,1
DA:69,2
DA:78,1
DA:87,1
DA:94,1
DA:102,1
LF:32
LH:32
BRDA:21,0,0,0
BRDA:21,0,1,2
BRDA:26,1,0,1
BRDA:26,1,1,2
BRDA:33,2,0,0
BRDA:34,3,0,0
BRDA:34,3,1,2
BRDA:42,4,0,0
BRDA:42,4,1,2
BRF:9
BRH:5
end_of_record
